<?xml version="1.0" encoding="UTF-8"?>
<!-- Generated by org.testng.reporters.JUnitReportReporter -->
<testsuite hostname="LAPTOP-0BSU4V01" failures="0" tests="5" name="com.qa.linkedin.testcases.SearchDataDrivenTest" time="32.709" errors="0" timestamp="2021-02-15T17:07:15 IST" skipped="0">
  <testcase classname="com.qa.linkedin.testcases.SearchDataDrivenTest" name="searchDataDrivenTest" time="7.483"/>
  <system-out/>
  <testcase classname="com.qa.linkedin.testcases.SearchDataDrivenTest" name="searchDataDrivenTest" time="6.544"/>
  <system-out/>
  <testcase classname="com.qa.linkedin.testcases.SearchDataDrivenTest" name="searchDataDrivenTest" time="6.162"/>
  <system-out/>
  <testcase classname="com.qa.linkedin.testcases.SearchDataDrivenTest" name="searchDataDrivenTest" time="6.173"/>
  <system-out/>
  <testcase classname="com.qa.linkedin.testcases.SearchDataDrivenTest" name="searchDataDrivenTest" time="6.347"/>
  <system-out/>
</testsuite> <!-- com.qa.linkedin.testcases.SearchDataDrivenTest -->
