<?xml version="1.0" encoding="UTF-8"?>
<!-- Generated by org.testng.reporters.JUnitReportReporter -->
<testsuite skipped="0" hostname="LAPTOP-0BSU4V01" name="com.qa.linkedin.testcases.SearchDataDrivenTest" tests="5" failures="0" timestamp="2021-02-16T11:56:03 IST" time="34.488" errors="0">
  <testcase name="searchDataDrivenTest" time="6.983" classname="com.qa.linkedin.testcases.SearchDataDrivenTest"/>
  <testcase name="searchDataDrivenTest" time="7.081" classname="com.qa.linkedin.testcases.SearchDataDrivenTest"/>
  <testcase name="searchDataDrivenTest" time="6.672" classname="com.qa.linkedin.testcases.SearchDataDrivenTest"/>
  <testcase name="searchDataDrivenTest" time="7.096" classname="com.qa.linkedin.testcases.SearchDataDrivenTest"/>
  <testcase name="searchDataDrivenTest" time="6.656" classname="com.qa.linkedin.testcases.SearchDataDrivenTest"/>
</testsuite> <!-- com.qa.linkedin.testcases.SearchDataDrivenTest -->
